11:51:32.079 [main] [] [] INFO  c.s.d.f.FootballapiApplication - Starting FootballapiApplication on dsusanibar.local with PID 96367 (/Users/davisusanibar/Downloads/footballapi/target/classes started by davisusanibar in /Users/davisusanibar/Downloads/footballapi)
11:51:32.082 [main] [] [] DEBUG c.s.d.f.FootballapiApplication - Running with Spring Boot v2.2.0.RELEASE, Spring v5.2.0.RELEASE
11:51:32.082 [main] [] [] INFO  c.s.d.f.FootballapiApplication - No active profile set, falling back to default profiles: default
11:51:32.712 [main] [] [] INFO  o.s.d.r.c.RepositoryConfigurationDelegate - Bootstrapping Spring Data repositories in DEFAULT mode.
11:51:32.772 [main] [] [] INFO  o.s.d.r.c.RepositoryConfigurationDelegate - Finished Spring Data repository scanning in 51ms. Found 1 repository interfaces.
11:51:33.000 [main] [] [] INFO  o.s.c.s.PostProcessorRegistrationDelegate$BeanPostProcessorChecker - Bean 'org.springframework.transaction.annotation.ProxyTransactionManagementConfiguration' of type [org.springframework.transaction.annotation.ProxyTransactionManagementConfiguration] is not eligible for getting processed by all BeanPostProcessors (for example: not eligible for auto-proxying)
11:51:33.190 [main] [] [] INFO  o.s.b.w.e.tomcat.TomcatWebServer - Tomcat initialized with port(s): 8080 (http)
11:51:33.197 [main] [] [] INFO  o.a.coyote.http11.Http11NioProtocol - Initializing ProtocolHandler ["http-nio-8080"]
11:51:33.197 [main] [] [] INFO  o.a.catalina.core.StandardService - Starting service [Tomcat]
11:51:33.197 [main] [] [] INFO  o.a.catalina.core.StandardEngine - Starting Servlet engine: [Apache Tomcat/9.0.27]
11:51:33.262 [main] [] [] INFO  o.a.c.c.C.[Tomcat].[localhost].[/] - Initializing Spring embedded WebApplicationContext
11:51:33.262 [main] [] [] INFO  o.s.web.context.ContextLoader - Root WebApplicationContext: initialization completed in 1121 ms
11:51:33.297 [main] [] [] INFO  com.zaxxer.hikari.HikariDataSource - HikariPool-1 - Starting...
11:51:33.380 [main] [] [] INFO  com.zaxxer.hikari.HikariDataSource - HikariPool-1 - Start completed.
11:51:33.385 [main] [] [] INFO  o.s.b.a.h.H2ConsoleAutoConfiguration - H2 console available at '/h2'. Database available at 'jdbc:h2:mem:test'
11:51:33.547 [main] [] [] INFO  o.h.jpa.internal.util.LogHelper - HHH000204: Processing PersistenceUnitInfo [name: default]
11:51:33.598 [main] [] [] INFO  org.hibernate.Version - HHH000412: Hibernate Core {5.4.6.Final}
11:51:33.698 [main] [] [] INFO  o.h.annotations.common.Version - HCANN000001: Hibernate Commons Annotations {5.1.0.Final}
11:51:33.785 [main] [] [] INFO  org.hibernate.dialect.Dialect - HHH000400: Using dialect: org.hibernate.dialect.H2Dialect
11:51:34.429 [main] [] [] INFO  o.h.e.t.j.p.i.JtaPlatformInitiator - HHH000490: Using JtaPlatform implementation: [org.hibernate.engine.transaction.jta.platform.internal.NoJtaPlatform]
11:51:34.435 [main] [] [] INFO  o.s.o.j.LocalContainerEntityManagerFactoryBean - Initialized JPA EntityManagerFactory for persistence unit 'default'
11:51:34.835 [main] [] [] WARN  o.s.b.a.o.j.JpaBaseConfiguration$JpaWebConfiguration - spring.jpa.open-in-view is enabled by default. Therefore, database queries may be performed during view rendering. Explicitly configure spring.jpa.open-in-view to disable this warning
11:51:34.937 [main] [] [] INFO  o.s.s.c.ThreadPoolTaskExecutor - Initializing ExecutorService 'applicationTaskExecutor'
11:51:35.124 [main] [] [] INFO  o.a.coyote.http11.Http11NioProtocol - Starting ProtocolHandler ["http-nio-8080"]
11:51:35.160 [main] [] [] INFO  o.s.b.w.e.tomcat.TomcatWebServer - Tomcat started on port(s): 8080 (http) with context path ''
11:51:35.163 [main] [] [] INFO  c.s.d.f.FootballapiApplication - Started FootballapiApplication in 3.444 seconds (JVM running for 4.118)
11:51:45.620 [http-nio-8080-exec-1] [] [] INFO  o.a.c.c.C.[Tomcat].[localhost].[/] - Initializing Spring DispatcherServlet 'dispatcherServlet'
11:51:45.620 [http-nio-8080-exec-1] [] [] INFO  o.s.web.servlet.DispatcherServlet - Initializing Servlet 'dispatcherServlet'
11:51:45.627 [http-nio-8080-exec-1] [] [] INFO  o.s.web.servlet.DispatcherServlet - Completed initialization in 7 ms
11:51:45.995 [http-nio-8080-exec-1] [] [] INFO  okhttp3.OkHttpClient - --> GET https://api.football-data.org/v2/competitions/CL/teams
11:51:48.098 [http-nio-8080-exec-1] [] [] INFO  okhttp3.OkHttpClient - <-- 200 https://api.football-data.org/v2/competitions/CL/teams (2102ms, unknown-length body)
11:51:48.139 [http-nio-8080-exec-1] [] [] INFO  okhttp3.OkHttpClient - --> GET https://api.football-data.org/v2/teams/3
11:51:48.139 [http-nio-8080-exec-1] [] [] INFO  okhttp3.OkHttpClient - --> GET https://api.football-data.org/v2/teams/3
11:51:50.226 [http-nio-8080-exec-1] [] [] INFO  okhttp3.OkHttpClient - <-- 200 https://api.football-data.org/v2/teams/3 (2087ms, unknown-length body)
11:51:50.227 [http-nio-8080-exec-1] [] [] INFO  okhttp3.OkHttpClient - <-- 200 https://api.football-data.org/v2/teams/3 (2087ms, unknown-length body)
11:51:50.230 [http-nio-8080-exec-1] [] [] INFO  okhttp3.OkHttpClient - --> GET https://api.football-data.org/v2/teams/4
11:51:50.231 [http-nio-8080-exec-1] [] [] INFO  okhttp3.OkHttpClient - --> GET https://api.football-data.org/v2/teams/4
11:51:50.231 [http-nio-8080-exec-1] [] [] INFO  okhttp3.OkHttpClient - --> GET https://api.football-data.org/v2/teams/4
11:51:52.081 [http-nio-8080-exec-1] [] [] INFO  okhttp3.OkHttpClient - <-- 200 https://api.football-data.org/v2/teams/4 (1850ms, unknown-length body)
11:51:52.081 [http-nio-8080-exec-1] [] [] INFO  okhttp3.OkHttpClient - <-- 200 https://api.football-data.org/v2/teams/4 (1850ms, unknown-length body)
11:51:52.081 [http-nio-8080-exec-1] [] [] INFO  okhttp3.OkHttpClient - <-- 200 https://api.football-data.org/v2/teams/4 (1850ms, unknown-length body)
11:51:52.084 [http-nio-8080-exec-1] [] [] INFO  okhttp3.OkHttpClient - --> GET https://api.football-data.org/v2/teams/5
11:51:52.084 [http-nio-8080-exec-1] [] [] INFO  okhttp3.OkHttpClient - --> GET https://api.football-data.org/v2/teams/5
11:51:52.084 [http-nio-8080-exec-1] [] [] INFO  okhttp3.OkHttpClient - --> GET https://api.football-data.org/v2/teams/5
11:51:52.084 [http-nio-8080-exec-1] [] [] INFO  okhttp3.OkHttpClient - --> GET https://api.football-data.org/v2/teams/5
11:51:53.617 [http-nio-8080-exec-1] [] [] INFO  okhttp3.OkHttpClient - <-- 200 https://api.football-data.org/v2/teams/5 (1533ms, unknown-length body)
11:51:53.618 [http-nio-8080-exec-1] [] [] INFO  okhttp3.OkHttpClient - <-- 200 https://api.football-data.org/v2/teams/5 (1533ms, unknown-length body)
11:51:53.618 [http-nio-8080-exec-1] [] [] INFO  okhttp3.OkHttpClient - <-- 200 https://api.football-data.org/v2/teams/5 (1533ms, unknown-length body)
11:51:53.618 [http-nio-8080-exec-1] [] [] INFO  okhttp3.OkHttpClient - <-- 200 https://api.football-data.org/v2/teams/5 (1534ms, unknown-length body)
11:51:53.620 [http-nio-8080-exec-1] [] [] INFO  okhttp3.OkHttpClient - --> GET https://api.football-data.org/v2/teams/61
11:51:53.621 [http-nio-8080-exec-1] [] [] INFO  okhttp3.OkHttpClient - --> GET https://api.football-data.org/v2/teams/61
11:51:53.621 [http-nio-8080-exec-1] [] [] INFO  okhttp3.OkHttpClient - --> GET https://api.football-data.org/v2/teams/61
11:51:53.621 [http-nio-8080-exec-1] [] [] INFO  okhttp3.OkHttpClient - --> GET https://api.football-data.org/v2/teams/61
11:51:53.621 [http-nio-8080-exec-1] [] [] INFO  okhttp3.OkHttpClient - --> GET https://api.football-data.org/v2/teams/61
11:51:55.240 [http-nio-8080-exec-1] [] [] INFO  okhttp3.OkHttpClient - <-- 200 https://api.football-data.org/v2/teams/61 (1619ms, unknown-length body)
11:51:55.241 [http-nio-8080-exec-1] [] [] INFO  okhttp3.OkHttpClient - <-- 200 https://api.football-data.org/v2/teams/61 (1619ms, unknown-length body)
11:51:55.241 [http-nio-8080-exec-1] [] [] INFO  okhttp3.OkHttpClient - <-- 200 https://api.football-data.org/v2/teams/61 (1620ms, unknown-length body)
11:51:55.241 [http-nio-8080-exec-1] [] [] INFO  okhttp3.OkHttpClient - <-- 200 https://api.football-data.org/v2/teams/61 (1620ms, unknown-length body)
11:51:55.241 [http-nio-8080-exec-1] [] [] INFO  okhttp3.OkHttpClient - <-- 200 https://api.football-data.org/v2/teams/61 (1620ms, unknown-length body)
11:52:04.434 [http-nio-8080-exec-3] [] [] INFO  okhttp3.OkHttpClient - --> GET https://api.football-data.org/v2/competitions/CL/teams
11:52:04.435 [http-nio-8080-exec-3] [] [] INFO  okhttp3.OkHttpClient - --> GET https://api.football-data.org/v2/competitions/CL/teams
11:52:04.435 [http-nio-8080-exec-3] [] [] INFO  okhttp3.OkHttpClient - --> GET https://api.football-data.org/v2/competitions/CL/teams
11:52:04.435 [http-nio-8080-exec-3] [] [] INFO  okhttp3.OkHttpClient - --> GET https://api.football-data.org/v2/competitions/CL/teams
11:52:04.435 [http-nio-8080-exec-3] [] [] INFO  okhttp3.OkHttpClient - --> GET https://api.football-data.org/v2/competitions/CL/teams
11:52:04.435 [http-nio-8080-exec-3] [] [] INFO  okhttp3.OkHttpClient - --> GET https://api.football-data.org/v2/competitions/CL/teams
11:52:06.214 [http-nio-8080-exec-3] [] [] INFO  okhttp3.OkHttpClient - <-- 200 https://api.football-data.org/v2/competitions/CL/teams (1779ms, unknown-length body)
11:52:06.214 [http-nio-8080-exec-3] [] [] INFO  okhttp3.OkHttpClient - <-- 200 https://api.football-data.org/v2/competitions/CL/teams (1779ms, unknown-length body)
11:52:06.214 [http-nio-8080-exec-3] [] [] INFO  okhttp3.OkHttpClient - <-- 200 https://api.football-data.org/v2/competitions/CL/teams (1779ms, unknown-length body)
11:52:06.215 [http-nio-8080-exec-3] [] [] INFO  okhttp3.OkHttpClient - <-- 200 https://api.football-data.org/v2/competitions/CL/teams (1779ms, unknown-length body)
11:52:06.215 [http-nio-8080-exec-3] [] [] INFO  okhttp3.OkHttpClient - <-- 200 https://api.football-data.org/v2/competitions/CL/teams (1779ms, unknown-length body)
11:52:06.215 [http-nio-8080-exec-3] [] [] INFO  okhttp3.OkHttpClient - <-- 200 https://api.football-data.org/v2/competitions/CL/teams (1780ms, unknown-length body)
11:52:06.222 [http-nio-8080-exec-3] [] [] ERROR c.s.d.f.e.h.ProcesorCustomGlobalExceptionHandler - ProcessorException(message=League already imported, estado=409 CONFLICT, cause=null, traceid=null, application=football, version=v1, fecha=2019-10-21T11:52:06.221)
11:53:01.924 [http-nio-8080-exec-4] [] [] INFO  okhttp3.OkHttpClient - --> GET https://api.football-data.org/v2/competitions/CL/teams
11:53:01.925 [http-nio-8080-exec-4] [] [] INFO  okhttp3.OkHttpClient - --> GET https://api.football-data.org/v2/competitions/CL/teams
11:53:01.925 [http-nio-8080-exec-4] [] [] INFO  okhttp3.OkHttpClient - --> GET https://api.football-data.org/v2/competitions/CL/teams
11:53:01.925 [http-nio-8080-exec-4] [] [] INFO  okhttp3.OkHttpClient - --> GET https://api.football-data.org/v2/competitions/CL/teams
11:53:01.925 [http-nio-8080-exec-4] [] [] INFO  okhttp3.OkHttpClient - --> GET https://api.football-data.org/v2/competitions/CL/teams
11:53:01.925 [http-nio-8080-exec-4] [] [] INFO  okhttp3.OkHttpClient - --> GET https://api.football-data.org/v2/competitions/CL/teams
11:53:01.925 [http-nio-8080-exec-4] [] [] INFO  okhttp3.OkHttpClient - --> GET https://api.football-data.org/v2/competitions/CL/teams
11:53:03.659 [http-nio-8080-exec-4] [] [] INFO  okhttp3.OkHttpClient - <-- 200 https://api.football-data.org/v2/competitions/CL/teams (1734ms, unknown-length body)
11:53:03.660 [http-nio-8080-exec-4] [] [] INFO  okhttp3.OkHttpClient - <-- 200 https://api.football-data.org/v2/competitions/CL/teams (1734ms, unknown-length body)
11:53:03.660 [http-nio-8080-exec-4] [] [] INFO  okhttp3.OkHttpClient - <-- 200 https://api.football-data.org/v2/competitions/CL/teams (1734ms, unknown-length body)
11:53:03.660 [http-nio-8080-exec-4] [] [] INFO  okhttp3.OkHttpClient - <-- 200 https://api.football-data.org/v2/competitions/CL/teams (1734ms, unknown-length body)
11:53:03.660 [http-nio-8080-exec-4] [] [] INFO  okhttp3.OkHttpClient - <-- 200 https://api.football-data.org/v2/competitions/CL/teams (1734ms, unknown-length body)
11:53:03.660 [http-nio-8080-exec-4] [] [] INFO  okhttp3.OkHttpClient - <-- 200 https://api.football-data.org/v2/competitions/CL/teams (1735ms, unknown-length body)
11:53:03.660 [http-nio-8080-exec-4] [] [] INFO  okhttp3.OkHttpClient - <-- 200 https://api.football-data.org/v2/competitions/CL/teams (1735ms, unknown-length body)
11:56:34.365 [http-nio-8080-exec-4] [] [] ERROR c.s.d.f.e.h.ProcesorCustomGlobalExceptionHandler - ProcessorException(message=League already imported, estado=409 CONFLICT, cause=null, traceid=null, application=football, version=v1, fecha=2019-10-21T11:53:03.663)
11:56:34.369 [HikariPool-1 housekeeper] [] [] WARN  com.zaxxer.hikari.pool.HikariPool - HikariPool-1 - Thread starvation or clock leap detected (housekeeper delta=3m30s842ms).
11:56:34.443 [SpringContextShutdownHook] [] [] INFO  o.s.s.c.ThreadPoolTaskExecutor - Shutting down ExecutorService 'applicationTaskExecutor'
11:56:34.445 [SpringContextShutdownHook] [] [] INFO  o.s.o.j.LocalContainerEntityManagerFactoryBean - Closing JPA EntityManagerFactory for persistence unit 'default'
11:56:34.449 [SpringContextShutdownHook] [] [] INFO  o.h.t.s.i.SchemaDropperImpl$DelayedDropActionImpl - HHH000477: Starting delayed evictData of schema as part of SessionFactory shut-down'
11:56:34.473 [SpringContextShutdownHook] [] [] INFO  com.zaxxer.hikari.HikariDataSource - HikariPool-1 - Shutdown initiated...
11:56:34.476 [SpringContextShutdownHook] [] [] INFO  com.zaxxer.hikari.HikariDataSource - HikariPool-1 - Shutdown completed.
11:56:37.711 [main] [] [] INFO  c.s.d.f.FootballapiApplication - Starting FootballapiApplication on dsusanibar.local with PID 4269 (/Users/davisusanibar/Downloads/footballapi/target/classes started by davisusanibar in /Users/davisusanibar/Downloads/footballapi)
11:56:37.714 [main] [] [] DEBUG c.s.d.f.FootballapiApplication - Running with Spring Boot v2.2.0.RELEASE, Spring v5.2.0.RELEASE
11:56:37.714 [main] [] [] INFO  c.s.d.f.FootballapiApplication - No active profile set, falling back to default profiles: default
11:56:38.355 [main] [] [] INFO  o.s.d.r.c.RepositoryConfigurationDelegate - Bootstrapping Spring Data repositories in DEFAULT mode.
11:56:38.423 [main] [] [] INFO  o.s.d.r.c.RepositoryConfigurationDelegate - Finished Spring Data repository scanning in 60ms. Found 1 repository interfaces.
11:56:38.652 [main] [] [] INFO  o.s.c.s.PostProcessorRegistrationDelegate$BeanPostProcessorChecker - Bean 'org.springframework.transaction.annotation.ProxyTransactionManagementConfiguration' of type [org.springframework.transaction.annotation.ProxyTransactionManagementConfiguration] is not eligible for getting processed by all BeanPostProcessors (for example: not eligible for auto-proxying)
11:56:38.833 [main] [] [] INFO  o.s.b.w.e.tomcat.TomcatWebServer - Tomcat initialized with port(s): 8080 (http)
11:56:38.840 [main] [] [] INFO  o.a.coyote.http11.Http11NioProtocol - Initializing ProtocolHandler ["http-nio-8080"]
11:56:38.841 [main] [] [] INFO  o.a.catalina.core.StandardService - Starting service [Tomcat]
11:56:38.841 [main] [] [] INFO  o.a.catalina.core.StandardEngine - Starting Servlet engine: [Apache Tomcat/9.0.27]
11:56:38.905 [main] [] [] INFO  o.a.c.c.C.[Tomcat].[localhost].[/] - Initializing Spring embedded WebApplicationContext
11:56:38.905 [main] [] [] INFO  o.s.web.context.ContextLoader - Root WebApplicationContext: initialization completed in 1132 ms
11:56:38.939 [main] [] [] INFO  com.zaxxer.hikari.HikariDataSource - HikariPool-1 - Starting...
11:56:39.025 [main] [] [] INFO  com.zaxxer.hikari.HikariDataSource - HikariPool-1 - Start completed.
11:56:39.030 [main] [] [] INFO  o.s.b.a.h.H2ConsoleAutoConfiguration - H2 console available at '/h2'. Database available at 'jdbc:h2:mem:test'
11:56:39.183 [main] [] [] INFO  o.h.jpa.internal.util.LogHelper - HHH000204: Processing PersistenceUnitInfo [name: default]
11:56:39.232 [main] [] [] INFO  org.hibernate.Version - HHH000412: Hibernate Core {5.4.6.Final}
11:56:39.328 [main] [] [] INFO  o.h.annotations.common.Version - HCANN000001: Hibernate Commons Annotations {5.1.0.Final}
11:56:39.410 [main] [] [] INFO  org.hibernate.dialect.Dialect - HHH000400: Using dialect: org.hibernate.dialect.H2Dialect
11:56:39.969 [main] [] [] INFO  o.h.e.t.j.p.i.JtaPlatformInitiator - HHH000490: Using JtaPlatform implementation: [org.hibernate.engine.transaction.jta.platform.internal.NoJtaPlatform]
11:56:39.975 [main] [] [] INFO  o.s.o.j.LocalContainerEntityManagerFactoryBean - Initialized JPA EntityManagerFactory for persistence unit 'default'
11:56:40.349 [main] [] [] WARN  o.s.b.a.o.j.JpaBaseConfiguration$JpaWebConfiguration - spring.jpa.open-in-view is enabled by default. Therefore, database queries may be performed during view rendering. Explicitly configure spring.jpa.open-in-view to disable this warning
11:56:40.452 [main] [] [] INFO  o.s.s.c.ThreadPoolTaskExecutor - Initializing ExecutorService 'applicationTaskExecutor'
11:56:40.642 [main] [] [] INFO  o.a.coyote.http11.Http11NioProtocol - Starting ProtocolHandler ["http-nio-8080"]
11:56:40.674 [main] [] [] INFO  o.s.b.w.e.tomcat.TomcatWebServer - Tomcat started on port(s): 8080 (http) with context path ''
11:56:40.677 [main] [] [] INFO  c.s.d.f.FootballapiApplication - Started FootballapiApplication in 3.318 seconds (JVM running for 3.968)
11:56:48.648 [http-nio-8080-exec-2] [] [] INFO  o.a.c.c.C.[Tomcat].[localhost].[/] - Initializing Spring DispatcherServlet 'dispatcherServlet'
11:56:48.648 [http-nio-8080-exec-2] [] [] INFO  o.s.web.servlet.DispatcherServlet - Initializing Servlet 'dispatcherServlet'
11:56:48.654 [http-nio-8080-exec-2] [] [] INFO  o.s.web.servlet.DispatcherServlet - Completed initialization in 6 ms
11:56:49.003 [http-nio-8080-exec-2] [] [] INFO  okhttp3.OkHttpClient - --> GET https://api.football-data.org/v2/competitions/CL/teams
11:56:51.205 [http-nio-8080-exec-2] [] [] INFO  okhttp3.OkHttpClient - <-- 200 https://api.football-data.org/v2/competitions/CL/teams (2201ms, unknown-length body)
11:56:51.250 [http-nio-8080-exec-2] [] [] INFO  okhttp3.OkHttpClient - --> GET https://api.football-data.org/v2/teams/3
11:56:51.250 [http-nio-8080-exec-2] [] [] INFO  okhttp3.OkHttpClient - --> GET https://api.football-data.org/v2/teams/3
11:56:52.990 [http-nio-8080-exec-2] [] [] INFO  okhttp3.OkHttpClient - <-- 200 https://api.football-data.org/v2/teams/3 (1740ms, unknown-length body)
11:56:52.991 [http-nio-8080-exec-2] [] [] INFO  okhttp3.OkHttpClient - <-- 200 https://api.football-data.org/v2/teams/3 (1740ms, unknown-length body)
11:56:52.994 [http-nio-8080-exec-2] [] [] INFO  okhttp3.OkHttpClient - --> GET https://api.football-data.org/v2/teams/4
11:56:52.994 [http-nio-8080-exec-2] [] [] INFO  okhttp3.OkHttpClient - --> GET https://api.football-data.org/v2/teams/4
11:56:52.994 [http-nio-8080-exec-2] [] [] INFO  okhttp3.OkHttpClient - --> GET https://api.football-data.org/v2/teams/4
11:56:54.572 [http-nio-8080-exec-2] [] [] INFO  okhttp3.OkHttpClient - <-- 200 https://api.football-data.org/v2/teams/4 (1578ms, unknown-length body)
11:56:54.573 [http-nio-8080-exec-2] [] [] INFO  okhttp3.OkHttpClient - <-- 200 https://api.football-data.org/v2/teams/4 (1578ms, unknown-length body)
11:56:54.573 [http-nio-8080-exec-2] [] [] INFO  okhttp3.OkHttpClient - <-- 200 https://api.football-data.org/v2/teams/4 (1578ms, unknown-length body)
11:56:54.575 [http-nio-8080-exec-2] [] [] INFO  okhttp3.OkHttpClient - --> GET https://api.football-data.org/v2/teams/5
11:56:54.576 [http-nio-8080-exec-2] [] [] INFO  okhttp3.OkHttpClient - --> GET https://api.football-data.org/v2/teams/5
11:56:54.576 [http-nio-8080-exec-2] [] [] INFO  okhttp3.OkHttpClient - --> GET https://api.football-data.org/v2/teams/5
11:56:54.576 [http-nio-8080-exec-2] [] [] INFO  okhttp3.OkHttpClient - --> GET https://api.football-data.org/v2/teams/5
11:56:56.417 [http-nio-8080-exec-2] [] [] INFO  okhttp3.OkHttpClient - <-- 200 https://api.football-data.org/v2/teams/5 (1840ms, unknown-length body)
11:56:56.417 [http-nio-8080-exec-2] [] [] INFO  okhttp3.OkHttpClient - <-- 200 https://api.football-data.org/v2/teams/5 (1841ms, unknown-length body)
11:56:56.417 [http-nio-8080-exec-2] [] [] INFO  okhttp3.OkHttpClient - <-- 200 https://api.football-data.org/v2/teams/5 (1841ms, unknown-length body)
11:56:56.417 [http-nio-8080-exec-2] [] [] INFO  okhttp3.OkHttpClient - <-- 200 https://api.football-data.org/v2/teams/5 (1841ms, unknown-length body)
11:56:56.420 [http-nio-8080-exec-2] [] [] INFO  okhttp3.OkHttpClient - --> GET https://api.football-data.org/v2/teams/61
11:56:56.420 [http-nio-8080-exec-2] [] [] INFO  okhttp3.OkHttpClient - --> GET https://api.football-data.org/v2/teams/61
11:56:56.421 [http-nio-8080-exec-2] [] [] INFO  okhttp3.OkHttpClient - --> GET https://api.football-data.org/v2/teams/61
11:56:56.421 [http-nio-8080-exec-2] [] [] INFO  okhttp3.OkHttpClient - --> GET https://api.football-data.org/v2/teams/61
11:56:56.421 [http-nio-8080-exec-2] [] [] INFO  okhttp3.OkHttpClient - --> GET https://api.football-data.org/v2/teams/61
11:56:58.259 [http-nio-8080-exec-2] [] [] INFO  okhttp3.OkHttpClient - <-- 200 https://api.football-data.org/v2/teams/61 (1837ms, unknown-length body)
11:56:58.259 [http-nio-8080-exec-2] [] [] INFO  okhttp3.OkHttpClient - <-- 200 https://api.football-data.org/v2/teams/61 (1838ms, unknown-length body)
11:56:58.259 [http-nio-8080-exec-2] [] [] INFO  okhttp3.OkHttpClient - <-- 200 https://api.football-data.org/v2/teams/61 (1838ms, unknown-length body)
11:56:58.259 [http-nio-8080-exec-2] [] [] INFO  okhttp3.OkHttpClient - <-- 200 https://api.football-data.org/v2/teams/61 (1838ms, unknown-length body)
11:56:58.259 [http-nio-8080-exec-2] [] [] INFO  okhttp3.OkHttpClient - <-- 200 https://api.football-data.org/v2/teams/61 (1838ms, unknown-length body)
11:57:01.298 [http-nio-8080-exec-3] [] [] INFO  okhttp3.OkHttpClient - --> GET https://api.football-data.org/v2/competitions/CL/teams
11:57:01.298 [http-nio-8080-exec-3] [] [] INFO  okhttp3.OkHttpClient - --> GET https://api.football-data.org/v2/competitions/CL/teams
11:57:01.298 [http-nio-8080-exec-3] [] [] INFO  okhttp3.OkHttpClient - --> GET https://api.football-data.org/v2/competitions/CL/teams
11:57:01.298 [http-nio-8080-exec-3] [] [] INFO  okhttp3.OkHttpClient - --> GET https://api.football-data.org/v2/competitions/CL/teams
11:57:01.298 [http-nio-8080-exec-3] [] [] INFO  okhttp3.OkHttpClient - --> GET https://api.football-data.org/v2/competitions/CL/teams
11:57:01.298 [http-nio-8080-exec-3] [] [] INFO  okhttp3.OkHttpClient - --> GET https://api.football-data.org/v2/competitions/CL/teams
11:57:03.186 [http-nio-8080-exec-3] [] [] INFO  okhttp3.OkHttpClient - <-- 200 https://api.football-data.org/v2/competitions/CL/teams (1888ms, unknown-length body)
11:57:03.187 [http-nio-8080-exec-3] [] [] INFO  okhttp3.OkHttpClient - <-- 200 https://api.football-data.org/v2/competitions/CL/teams (1888ms, unknown-length body)
11:57:03.187 [http-nio-8080-exec-3] [] [] INFO  okhttp3.OkHttpClient - <-- 200 https://api.football-data.org/v2/competitions/CL/teams (1888ms, unknown-length body)
11:57:03.187 [http-nio-8080-exec-3] [] [] INFO  okhttp3.OkHttpClient - <-- 200 https://api.football-data.org/v2/competitions/CL/teams (1889ms, unknown-length body)
11:57:03.187 [http-nio-8080-exec-3] [] [] INFO  okhttp3.OkHttpClient - <-- 200 https://api.football-data.org/v2/competitions/CL/teams (1889ms, unknown-length body)
11:57:03.187 [http-nio-8080-exec-3] [] [] INFO  okhttp3.OkHttpClient - <-- 200 https://api.football-data.org/v2/competitions/CL/teams (1889ms, unknown-length body)
11:57:12.001 [http-nio-8080-exec-3] [] [] ERROR c.s.d.f.e.h.ProcesorCustomGlobalExceptionHandler - ProcessorException(message=League already imported, estado=409 CONFLICT, cause=null, traceid=null, application=football, version=v1, fecha=2019-10-21T11:57:03.195)
11:57:30.732 [http-nio-8080-exec-4] [] [] INFO  okhttp3.OkHttpClient - --> GET https://api.football-data.org/v2/competitions/CL/teams
11:57:30.732 [http-nio-8080-exec-4] [] [] INFO  okhttp3.OkHttpClient - --> GET https://api.football-data.org/v2/competitions/CL/teams
11:57:30.732 [http-nio-8080-exec-4] [] [] INFO  okhttp3.OkHttpClient - --> GET https://api.football-data.org/v2/competitions/CL/teams
11:57:30.732 [http-nio-8080-exec-4] [] [] INFO  okhttp3.OkHttpClient - --> GET https://api.football-data.org/v2/competitions/CL/teams
11:57:30.732 [http-nio-8080-exec-4] [] [] INFO  okhttp3.OkHttpClient - --> GET https://api.football-data.org/v2/competitions/CL/teams
11:57:30.732 [http-nio-8080-exec-4] [] [] INFO  okhttp3.OkHttpClient - --> GET https://api.football-data.org/v2/competitions/CL/teams
11:57:30.732 [http-nio-8080-exec-4] [] [] INFO  okhttp3.OkHttpClient - --> GET https://api.football-data.org/v2/competitions/CL/teams
11:57:32.384 [http-nio-8080-exec-4] [] [] INFO  okhttp3.OkHttpClient - <-- 200 https://api.football-data.org/v2/competitions/CL/teams (1651ms, unknown-length body)
11:57:32.384 [http-nio-8080-exec-4] [] [] INFO  okhttp3.OkHttpClient - <-- 200 https://api.football-data.org/v2/competitions/CL/teams (1652ms, unknown-length body)
11:57:32.384 [http-nio-8080-exec-4] [] [] INFO  okhttp3.OkHttpClient - <-- 200 https://api.football-data.org/v2/competitions/CL/teams (1652ms, unknown-length body)
11:57:32.385 [http-nio-8080-exec-4] [] [] INFO  okhttp3.OkHttpClient - <-- 200 https://api.football-data.org/v2/competitions/CL/teams (1652ms, unknown-length body)
11:57:32.385 [http-nio-8080-exec-4] [] [] INFO  okhttp3.OkHttpClient - <-- 200 https://api.football-data.org/v2/competitions/CL/teams (1652ms, unknown-length body)
11:57:32.385 [http-nio-8080-exec-4] [] [] INFO  okhttp3.OkHttpClient - <-- 200 https://api.football-data.org/v2/competitions/CL/teams (1652ms, unknown-length body)
11:57:32.385 [http-nio-8080-exec-4] [] [] INFO  okhttp3.OkHttpClient - <-- 200 https://api.football-data.org/v2/competitions/CL/teams (1652ms, unknown-length body)
11:57:32.388 [http-nio-8080-exec-4] [] [] ERROR c.s.d.f.e.h.ProcesorCustomGlobalExceptionHandler - ProcessorException(message=League already imported, estado=409 CONFLICT, cause=null, traceid=null, application=football, version=v1, fecha=2019-10-21T11:57:32.387)
11:59:04.318 [SpringContextShutdownHook] [] [] INFO  o.s.s.c.ThreadPoolTaskExecutor - Shutting down ExecutorService 'applicationTaskExecutor'
11:59:04.319 [SpringContextShutdownHook] [] [] INFO  o.s.o.j.LocalContainerEntityManagerFactoryBean - Closing JPA EntityManagerFactory for persistence unit 'default'
11:59:04.319 [SpringContextShutdownHook] [] [] INFO  o.h.t.s.i.SchemaDropperImpl$DelayedDropActionImpl - HHH000477: Starting delayed evictData of schema as part of SessionFactory shut-down'
11:59:04.325 [SpringContextShutdownHook] [] [] INFO  com.zaxxer.hikari.HikariDataSource - HikariPool-1 - Shutdown initiated...
11:59:04.328 [SpringContextShutdownHook] [] [] INFO  com.zaxxer.hikari.HikariDataSource - HikariPool-1 - Shutdown completed.
11:59:08.341 [main] [] [] INFO  c.s.d.f.FootballapiApplication - Starting FootballapiApplication on dsusanibar.local with PID 8209 (/Users/davisusanibar/Downloads/footballapi/target/classes started by davisusanibar in /Users/davisusanibar/Downloads/footballapi)
11:59:08.344 [main] [] [] DEBUG c.s.d.f.FootballapiApplication - Running with Spring Boot v2.2.0.RELEASE, Spring v5.2.0.RELEASE
11:59:08.344 [main] [] [] INFO  c.s.d.f.FootballapiApplication - No active profile set, falling back to default profiles: default
11:59:09.115 [main] [] [] INFO  o.s.d.r.c.RepositoryConfigurationDelegate - Bootstrapping Spring Data repositories in DEFAULT mode.
11:59:09.230 [main] [] [] INFO  o.s.d.r.c.RepositoryConfigurationDelegate - Finished Spring Data repository scanning in 102ms. Found 1 repository interfaces.
11:59:09.584 [main] [] [] INFO  o.s.c.s.PostProcessorRegistrationDelegate$BeanPostProcessorChecker - Bean 'org.springframework.transaction.annotation.ProxyTransactionManagementConfiguration' of type [org.springframework.transaction.annotation.ProxyTransactionManagementConfiguration] is not eligible for getting processed by all BeanPostProcessors (for example: not eligible for auto-proxying)
11:59:09.768 [main] [] [] INFO  o.s.b.w.e.tomcat.TomcatWebServer - Tomcat initialized with port(s): 8080 (http)
11:59:09.775 [main] [] [] INFO  o.a.coyote.http11.Http11NioProtocol - Initializing ProtocolHandler ["http-nio-8080"]
11:59:09.776 [main] [] [] INFO  o.a.catalina.core.StandardService - Starting service [Tomcat]
11:59:09.776 [main] [] [] INFO  o.a.catalina.core.StandardEngine - Starting Servlet engine: [Apache Tomcat/9.0.27]
11:59:09.847 [main] [] [] INFO  o.a.c.c.C.[Tomcat].[localhost].[/] - Initializing Spring embedded WebApplicationContext
11:59:09.847 [main] [] [] INFO  o.s.web.context.ContextLoader - Root WebApplicationContext: initialization completed in 1443 ms
11:59:09.885 [main] [] [] INFO  com.zaxxer.hikari.HikariDataSource - HikariPool-1 - Starting...
11:59:09.970 [main] [] [] INFO  com.zaxxer.hikari.HikariDataSource - HikariPool-1 - Start completed.
11:59:09.975 [main] [] [] INFO  o.s.b.a.h.H2ConsoleAutoConfiguration - H2 console available at '/h2'. Database available at 'jdbc:h2:mem:test'
11:59:10.132 [main] [] [] INFO  o.h.jpa.internal.util.LogHelper - HHH000204: Processing PersistenceUnitInfo [name: default]
11:59:10.182 [main] [] [] INFO  org.hibernate.Version - HHH000412: Hibernate Core {5.4.6.Final}
11:59:10.298 [main] [] [] INFO  o.h.annotations.common.Version - HCANN000001: Hibernate Commons Annotations {5.1.0.Final}
11:59:10.389 [main] [] [] INFO  org.hibernate.dialect.Dialect - HHH000400: Using dialect: org.hibernate.dialect.H2Dialect
11:59:10.975 [main] [] [] INFO  o.h.e.t.j.p.i.JtaPlatformInitiator - HHH000490: Using JtaPlatform implementation: [org.hibernate.engine.transaction.jta.platform.internal.NoJtaPlatform]
11:59:10.981 [main] [] [] INFO  o.s.o.j.LocalContainerEntityManagerFactoryBean - Initialized JPA EntityManagerFactory for persistence unit 'default'
11:59:11.369 [main] [] [] WARN  o.s.b.a.o.j.JpaBaseConfiguration$JpaWebConfiguration - spring.jpa.open-in-view is enabled by default. Therefore, database queries may be performed during view rendering. Explicitly configure spring.jpa.open-in-view to disable this warning
11:59:11.477 [main] [] [] INFO  o.s.s.c.ThreadPoolTaskExecutor - Initializing ExecutorService 'applicationTaskExecutor'
11:59:11.670 [main] [] [] INFO  o.a.coyote.http11.Http11NioProtocol - Starting ProtocolHandler ["http-nio-8080"]
11:59:11.701 [main] [] [] INFO  o.s.b.w.e.tomcat.TomcatWebServer - Tomcat started on port(s): 8080 (http) with context path ''
11:59:11.703 [main] [] [] INFO  c.s.d.f.FootballapiApplication - Started FootballapiApplication in 3.741 seconds (JVM running for 4.425)
12:05:20.652 [SpringContextShutdownHook] [] [] INFO  o.s.s.c.ThreadPoolTaskExecutor - Shutting down ExecutorService 'applicationTaskExecutor'
12:05:20.653 [SpringContextShutdownHook] [] [] INFO  o.s.o.j.LocalContainerEntityManagerFactoryBean - Closing JPA EntityManagerFactory for persistence unit 'default'
12:05:20.654 [SpringContextShutdownHook] [] [] INFO  o.h.t.s.i.SchemaDropperImpl$DelayedDropActionImpl - HHH000477: Starting delayed evictData of schema as part of SessionFactory shut-down'
12:05:20.664 [SpringContextShutdownHook] [] [] INFO  com.zaxxer.hikari.HikariDataSource - HikariPool-1 - Shutdown initiated...
12:05:20.666 [SpringContextShutdownHook] [] [] INFO  com.zaxxer.hikari.HikariDataSource - HikariPool-1 - Shutdown completed.
12:05:26.864 [main] [] [] INFO  c.s.d.f.FootballapiApplication - Starting FootballapiApplication on dsusanibar.local with PID 17359 (/Users/davisusanibar/Downloads/footballapi/target/classes started by davisusanibar in /Users/davisusanibar/Downloads/footballapi)
12:05:26.888 [main] [] [] DEBUG c.s.d.f.FootballapiApplication - Running with Spring Boot v2.2.0.RELEASE, Spring v5.2.0.RELEASE
12:05:26.890 [main] [] [] INFO  c.s.d.f.FootballapiApplication - No active profile set, falling back to default profiles: default
12:05:27.673 [main] [] [] INFO  o.s.d.r.c.RepositoryConfigurationDelegate - Bootstrapping Spring Data repositories in DEFAULT mode.
12:05:30.348 [main] [] [] INFO  o.s.d.r.c.RepositoryConfigurationDelegate - Finished Spring Data repository scanning in 2622ms. Found 1 repository interfaces.
12:05:30.684 [main] [] [] INFO  o.s.c.s.PostProcessorRegistrationDelegate$BeanPostProcessorChecker - Bean 'org.springframework.transaction.annotation.ProxyTransactionManagementConfiguration' of type [org.springframework.transaction.annotation.ProxyTransactionManagementConfiguration] is not eligible for getting processed by all BeanPostProcessors (for example: not eligible for auto-proxying)
12:05:30.883 [main] [] [] INFO  o.s.b.w.e.tomcat.TomcatWebServer - Tomcat initialized with port(s): 8080 (http)
12:05:30.890 [main] [] [] INFO  o.a.coyote.http11.Http11NioProtocol - Initializing ProtocolHandler ["http-nio-8080"]
12:05:30.891 [main] [] [] INFO  o.a.catalina.core.StandardService - Starting service [Tomcat]
12:05:30.891 [main] [] [] INFO  o.a.catalina.core.StandardEngine - Starting Servlet engine: [Apache Tomcat/9.0.27]
12:05:30.955 [main] [] [] INFO  o.a.c.c.C.[Tomcat].[localhost].[/] - Initializing Spring embedded WebApplicationContext
12:05:30.955 [main] [] [] INFO  o.s.web.context.ContextLoader - Root WebApplicationContext: initialization completed in 3972 ms
12:05:30.990 [main] [] [] INFO  com.zaxxer.hikari.HikariDataSource - HikariPool-1 - Starting...
12:05:31.072 [main] [] [] INFO  com.zaxxer.hikari.HikariDataSource - HikariPool-1 - Start completed.
12:05:31.078 [main] [] [] INFO  o.s.b.a.h.H2ConsoleAutoConfiguration - H2 console available at '/h2'. Database available at 'jdbc:h2:mem:test'
12:05:31.240 [main] [] [] INFO  o.h.jpa.internal.util.LogHelper - HHH000204: Processing PersistenceUnitInfo [name: default]
12:05:31.295 [main] [] [] INFO  org.hibernate.Version - HHH000412: Hibernate Core {5.4.6.Final}
12:05:31.405 [main] [] [] INFO  o.h.annotations.common.Version - HCANN000001: Hibernate Commons Annotations {5.1.0.Final}
12:05:31.526 [main] [] [] INFO  org.hibernate.dialect.Dialect - HHH000400: Using dialect: org.hibernate.dialect.H2Dialect
12:05:34.606 [main] [] [] INFO  o.h.e.t.j.p.i.JtaPlatformInitiator - HHH000490: Using JtaPlatform implementation: [org.hibernate.engine.transaction.jta.platform.internal.NoJtaPlatform]
12:05:34.614 [main] [] [] INFO  o.s.o.j.LocalContainerEntityManagerFactoryBean - Initialized JPA EntityManagerFactory for persistence unit 'default'
12:05:35.017 [main] [] [] WARN  o.s.b.a.o.j.JpaBaseConfiguration$JpaWebConfiguration - spring.jpa.open-in-view is enabled by default. Therefore, database queries may be performed during view rendering. Explicitly configure spring.jpa.open-in-view to disable this warning
12:05:35.111 [main] [] [] INFO  o.s.s.c.ThreadPoolTaskExecutor - Initializing ExecutorService 'applicationTaskExecutor'
12:05:35.285 [main] [] [] INFO  o.a.coyote.http11.Http11NioProtocol - Starting ProtocolHandler ["http-nio-8080"]
12:05:35.318 [main] [] [] INFO  o.s.b.w.e.tomcat.TomcatWebServer - Tomcat started on port(s): 8080 (http) with context path ''
12:05:35.321 [main] [] [] INFO  c.s.d.f.FootballapiApplication - Started FootballapiApplication in 8.835 seconds (JVM running for 11.741)
12:05:40.106 [http-nio-8080-exec-2] [] [] INFO  o.a.c.c.C.[Tomcat].[localhost].[/] - Initializing Spring DispatcherServlet 'dispatcherServlet'
12:05:40.106 [http-nio-8080-exec-2] [] [] INFO  o.s.web.servlet.DispatcherServlet - Initializing Servlet 'dispatcherServlet'
12:05:40.113 [http-nio-8080-exec-2] [] [] INFO  o.s.web.servlet.DispatcherServlet - Completed initialization in 7 ms
12:05:40.486 [http-nio-8080-exec-2] [] [] INFO  okhttp3.OkHttpClient - --> GET https://api.football-data.org/v2/competitions/CL/teams
12:05:42.250 [http-nio-8080-exec-2] [] [] INFO  okhttp3.OkHttpClient - <-- 200 https://api.football-data.org/v2/competitions/CL/teams (1763ms, unknown-length body)
12:05:42.293 [http-nio-8080-exec-2] [] [] INFO  okhttp3.OkHttpClient - --> GET https://api.football-data.org/v2/teams/3
12:05:42.293 [http-nio-8080-exec-2] [] [] INFO  okhttp3.OkHttpClient - --> GET https://api.football-data.org/v2/teams/3
12:05:43.981 [http-nio-8080-exec-2] [] [] INFO  okhttp3.OkHttpClient - <-- 200 https://api.football-data.org/v2/teams/3 (1687ms, unknown-length body)
12:05:43.981 [http-nio-8080-exec-2] [] [] INFO  okhttp3.OkHttpClient - <-- 200 https://api.football-data.org/v2/teams/3 (1688ms, unknown-length body)
12:05:43.985 [http-nio-8080-exec-2] [] [] INFO  okhttp3.OkHttpClient - --> GET https://api.football-data.org/v2/teams/4
12:05:43.985 [http-nio-8080-exec-2] [] [] INFO  okhttp3.OkHttpClient - --> GET https://api.football-data.org/v2/teams/4
12:05:43.985 [http-nio-8080-exec-2] [] [] INFO  okhttp3.OkHttpClient - --> GET https://api.football-data.org/v2/teams/4
12:05:45.479 [http-nio-8080-exec-2] [] [] INFO  okhttp3.OkHttpClient - <-- 200 https://api.football-data.org/v2/teams/4 (1494ms, unknown-length body)
12:05:45.480 [http-nio-8080-exec-2] [] [] INFO  okhttp3.OkHttpClient - <-- 200 https://api.football-data.org/v2/teams/4 (1494ms, unknown-length body)
12:05:45.480 [http-nio-8080-exec-2] [] [] INFO  okhttp3.OkHttpClient - <-- 200 https://api.football-data.org/v2/teams/4 (1494ms, unknown-length body)
12:05:45.484 [http-nio-8080-exec-2] [] [] INFO  okhttp3.OkHttpClient - --> GET https://api.football-data.org/v2/teams/5
12:05:45.484 [http-nio-8080-exec-2] [] [] INFO  okhttp3.OkHttpClient - --> GET https://api.football-data.org/v2/teams/5
12:05:45.484 [http-nio-8080-exec-2] [] [] INFO  okhttp3.OkHttpClient - --> GET https://api.football-data.org/v2/teams/5
12:05:45.484 [http-nio-8080-exec-2] [] [] INFO  okhttp3.OkHttpClient - --> GET https://api.football-data.org/v2/teams/5
12:05:46.808 [http-nio-8080-exec-2] [] [] INFO  okhttp3.OkHttpClient - <-- 200 https://api.football-data.org/v2/teams/5 (1324ms, unknown-length body)
12:05:46.809 [http-nio-8080-exec-2] [] [] INFO  okhttp3.OkHttpClient - <-- 200 https://api.football-data.org/v2/teams/5 (1324ms, unknown-length body)
12:05:46.809 [http-nio-8080-exec-2] [] [] INFO  okhttp3.OkHttpClient - <-- 200 https://api.football-data.org/v2/teams/5 (1325ms, unknown-length body)
12:05:46.809 [http-nio-8080-exec-2] [] [] INFO  okhttp3.OkHttpClient - <-- 200 https://api.football-data.org/v2/teams/5 (1325ms, unknown-length body)
12:05:46.812 [http-nio-8080-exec-2] [] [] INFO  okhttp3.OkHttpClient - --> GET https://api.football-data.org/v2/teams/61
12:05:46.812 [http-nio-8080-exec-2] [] [] INFO  okhttp3.OkHttpClient - --> GET https://api.football-data.org/v2/teams/61
12:05:46.812 [http-nio-8080-exec-2] [] [] INFO  okhttp3.OkHttpClient - --> GET https://api.football-data.org/v2/teams/61
12:05:46.812 [http-nio-8080-exec-2] [] [] INFO  okhttp3.OkHttpClient - --> GET https://api.football-data.org/v2/teams/61
12:05:46.812 [http-nio-8080-exec-2] [] [] INFO  okhttp3.OkHttpClient - --> GET https://api.football-data.org/v2/teams/61
12:05:48.281 [http-nio-8080-exec-2] [] [] INFO  okhttp3.OkHttpClient - <-- 200 https://api.football-data.org/v2/teams/61 (1468ms, unknown-length body)
12:05:48.282 [http-nio-8080-exec-2] [] [] INFO  okhttp3.OkHttpClient - <-- 200 https://api.football-data.org/v2/teams/61 (1469ms, unknown-length body)
12:05:48.282 [http-nio-8080-exec-2] [] [] INFO  okhttp3.OkHttpClient - <-- 200 https://api.football-data.org/v2/teams/61 (1469ms, unknown-length body)
12:05:48.282 [http-nio-8080-exec-2] [] [] INFO  okhttp3.OkHttpClient - <-- 200 https://api.football-data.org/v2/teams/61 (1469ms, unknown-length body)
12:05:48.282 [http-nio-8080-exec-2] [] [] INFO  okhttp3.OkHttpClient - <-- 200 https://api.football-data.org/v2/teams/61 (1469ms, unknown-length body)
12:06:08.930 [http-nio-8080-exec-3] [] [] INFO  okhttp3.OkHttpClient - --> GET https://api.football-data.org/v2/competitions/CL/teams
12:06:08.931 [http-nio-8080-exec-3] [] [] INFO  okhttp3.OkHttpClient - --> GET https://api.football-data.org/v2/competitions/CL/teams
12:06:08.931 [http-nio-8080-exec-3] [] [] INFO  okhttp3.OkHttpClient - --> GET https://api.football-data.org/v2/competitions/CL/teams
12:06:08.931 [http-nio-8080-exec-3] [] [] INFO  okhttp3.OkHttpClient - --> GET https://api.football-data.org/v2/competitions/CL/teams
12:06:08.931 [http-nio-8080-exec-3] [] [] INFO  okhttp3.OkHttpClient - --> GET https://api.football-data.org/v2/competitions/CL/teams
12:06:08.931 [http-nio-8080-exec-3] [] [] INFO  okhttp3.OkHttpClient - --> GET https://api.football-data.org/v2/competitions/CL/teams
12:06:10.727 [http-nio-8080-exec-3] [] [] INFO  okhttp3.OkHttpClient - <-- 200 https://api.football-data.org/v2/competitions/CL/teams (1795ms, unknown-length body)
12:06:10.727 [http-nio-8080-exec-3] [] [] INFO  okhttp3.OkHttpClient - <-- 200 https://api.football-data.org/v2/competitions/CL/teams (1796ms, unknown-length body)
12:06:10.727 [http-nio-8080-exec-3] [] [] INFO  okhttp3.OkHttpClient - <-- 200 https://api.football-data.org/v2/competitions/CL/teams (1796ms, unknown-length body)
12:06:10.727 [http-nio-8080-exec-3] [] [] INFO  okhttp3.OkHttpClient - <-- 200 https://api.football-data.org/v2/competitions/CL/teams (1796ms, unknown-length body)
12:06:10.727 [http-nio-8080-exec-3] [] [] INFO  okhttp3.OkHttpClient - <-- 200 https://api.football-data.org/v2/competitions/CL/teams (1796ms, unknown-length body)
12:06:10.727 [http-nio-8080-exec-3] [] [] INFO  okhttp3.OkHttpClient - <-- 200 https://api.football-data.org/v2/competitions/CL/teams (1796ms, unknown-length body)
12:06:10.736 [http-nio-8080-exec-3] [] [] ERROR c.s.d.f.e.h.ProcesorCustomGlobalExceptionHandler - ProcessorException(message=League already imported, estado=409 CONFLICT, cause=null, traceid=null, application=football, version=v1, fecha=2019-10-21T12:06:10.734)
12:06:30.742 [http-nio-8080-exec-4] [] [] INFO  okhttp3.OkHttpClient - --> GET https://api.football-data.org/v2/competitions/CL/teams
12:06:30.742 [http-nio-8080-exec-4] [] [] INFO  okhttp3.OkHttpClient - --> GET https://api.football-data.org/v2/competitions/CL/teams
12:06:30.742 [http-nio-8080-exec-4] [] [] INFO  okhttp3.OkHttpClient - --> GET https://api.football-data.org/v2/competitions/CL/teams
12:06:30.742 [http-nio-8080-exec-4] [] [] INFO  okhttp3.OkHttpClient - --> GET https://api.football-data.org/v2/competitions/CL/teams
12:06:30.743 [http-nio-8080-exec-4] [] [] INFO  okhttp3.OkHttpClient - --> GET https://api.football-data.org/v2/competitions/CL/teams
12:06:30.743 [http-nio-8080-exec-4] [] [] INFO  okhttp3.OkHttpClient - --> GET https://api.football-data.org/v2/competitions/CL/teams
12:06:30.743 [http-nio-8080-exec-4] [] [] INFO  okhttp3.OkHttpClient - --> GET https://api.football-data.org/v2/competitions/CL/teams
12:06:32.184 [http-nio-8080-exec-4] [] [] INFO  okhttp3.OkHttpClient - <-- 200 https://api.football-data.org/v2/competitions/CL/teams (1441ms, unknown-length body)
12:06:32.185 [http-nio-8080-exec-4] [] [] INFO  okhttp3.OkHttpClient - <-- 200 https://api.football-data.org/v2/competitions/CL/teams (1442ms, unknown-length body)
12:06:32.185 [http-nio-8080-exec-4] [] [] INFO  okhttp3.OkHttpClient - <-- 200 https://api.football-data.org/v2/competitions/CL/teams (1442ms, unknown-length body)
12:06:32.185 [http-nio-8080-exec-4] [] [] INFO  okhttp3.OkHttpClient - <-- 200 https://api.football-data.org/v2/competitions/CL/teams (1442ms, unknown-length body)
12:06:32.185 [http-nio-8080-exec-4] [] [] INFO  okhttp3.OkHttpClient - <-- 200 https://api.football-data.org/v2/competitions/CL/teams (1442ms, unknown-length body)
12:06:32.185 [http-nio-8080-exec-4] [] [] INFO  okhttp3.OkHttpClient - <-- 200 https://api.football-data.org/v2/competitions/CL/teams (1442ms, unknown-length body)
12:06:32.185 [http-nio-8080-exec-4] [] [] INFO  okhttp3.OkHttpClient - <-- 200 https://api.football-data.org/v2/competitions/CL/teams (1442ms, unknown-length body)
12:06:32.188 [http-nio-8080-exec-4] [] [] ERROR c.s.d.f.e.h.ProcesorCustomGlobalExceptionHandler - ProcessorException(message=League already imported, estado=409 CONFLICT, cause=null, traceid=null, application=football, version=v1, fecha=2019-10-21T12:06:32.187)
12:07:49.565 [http-nio-8080-exec-6] [] [] INFO  okhttp3.OkHttpClient - --> GET https://api.football-data.org/v2/competitions/CL/teams
12:07:49.565 [http-nio-8080-exec-6] [] [] INFO  okhttp3.OkHttpClient - --> GET https://api.football-data.org/v2/competitions/CL/teams
12:07:49.565 [http-nio-8080-exec-6] [] [] INFO  okhttp3.OkHttpClient - --> GET https://api.football-data.org/v2/competitions/CL/teams
12:07:49.565 [http-nio-8080-exec-6] [] [] INFO  okhttp3.OkHttpClient - --> GET https://api.football-data.org/v2/competitions/CL/teams
12:07:49.565 [http-nio-8080-exec-6] [] [] INFO  okhttp3.OkHttpClient - --> GET https://api.football-data.org/v2/competitions/CL/teams
12:07:49.565 [http-nio-8080-exec-6] [] [] INFO  okhttp3.OkHttpClient - --> GET https://api.football-data.org/v2/competitions/CL/teams
12:07:49.565 [http-nio-8080-exec-6] [] [] INFO  okhttp3.OkHttpClient - --> GET https://api.football-data.org/v2/competitions/CL/teams
12:07:49.566 [http-nio-8080-exec-6] [] [] INFO  okhttp3.OkHttpClient - --> GET https://api.football-data.org/v2/competitions/CL/teams
12:07:51.267 [http-nio-8080-exec-6] [] [] INFO  okhttp3.OkHttpClient - <-- 200 https://api.football-data.org/v2/competitions/CL/teams (1700ms, unknown-length body)
12:07:51.267 [http-nio-8080-exec-6] [] [] INFO  okhttp3.OkHttpClient - <-- 200 https://api.football-data.org/v2/competitions/CL/teams (1701ms, unknown-length body)
12:07:51.267 [http-nio-8080-exec-6] [] [] INFO  okhttp3.OkHttpClient - <-- 200 https://api.football-data.org/v2/competitions/CL/teams (1701ms, unknown-length body)
12:07:51.267 [http-nio-8080-exec-6] [] [] INFO  okhttp3.OkHttpClient - <-- 200 https://api.football-data.org/v2/competitions/CL/teams (1701ms, unknown-length body)
12:07:51.267 [http-nio-8080-exec-6] [] [] INFO  okhttp3.OkHttpClient - <-- 200 https://api.football-data.org/v2/competitions/CL/teams (1701ms, unknown-length body)
12:07:51.267 [http-nio-8080-exec-6] [] [] INFO  okhttp3.OkHttpClient - <-- 200 https://api.football-data.org/v2/competitions/CL/teams (1701ms, unknown-length body)
12:07:51.267 [http-nio-8080-exec-6] [] [] INFO  okhttp3.OkHttpClient - <-- 200 https://api.football-data.org/v2/competitions/CL/teams (1702ms, unknown-length body)
12:07:51.267 [http-nio-8080-exec-6] [] [] INFO  okhttp3.OkHttpClient - <-- 200 https://api.football-data.org/v2/competitions/CL/teams (1702ms, unknown-length body)
12:07:51.270 [http-nio-8080-exec-6] [] [] ERROR c.s.d.f.e.h.ProcesorCustomGlobalExceptionHandler - ProcessorException(message=League already imported, estado=409 CONFLICT, cause=null, traceid=null, application=football, version=v1, fecha=2019-10-21T12:07:51.270)
12:09:21.025 [HikariPool-1 housekeeper] [] [] WARN  com.zaxxer.hikari.pool.HikariPool - HikariPool-1 - Thread starvation or clock leap detected (housekeeper delta=1m49s810ms).
12:10:52.678 [SpringContextShutdownHook] [] [] INFO  o.s.s.c.ThreadPoolTaskExecutor - Shutting down ExecutorService 'applicationTaskExecutor'
12:10:52.683 [SpringContextShutdownHook] [] [] INFO  o.s.o.j.LocalContainerEntityManagerFactoryBean - Closing JPA EntityManagerFactory for persistence unit 'default'
12:10:52.684 [SpringContextShutdownHook] [] [] INFO  o.h.t.s.i.SchemaDropperImpl$DelayedDropActionImpl - HHH000477: Starting delayed evictData of schema as part of SessionFactory shut-down'
12:10:52.714 [SpringContextShutdownHook] [] [] INFO  com.zaxxer.hikari.HikariDataSource - HikariPool-1 - Shutdown initiated...
12:10:52.719 [SpringContextShutdownHook] [] [] INFO  com.zaxxer.hikari.HikariDataSource - HikariPool-1 - Shutdown completed.
12:10:57.201 [main] [] [] INFO  c.s.d.f.FootballapiApplication - Starting FootballapiApplication on dsusanibar.local with PID 25704 (/Users/davisusanibar/Downloads/footballapi/target/classes started by davisusanibar in /Users/davisusanibar/Downloads/footballapi)
12:10:57.203 [main] [] [] DEBUG c.s.d.f.FootballapiApplication - Running with Spring Boot v2.2.0.RELEASE, Spring v5.2.0.RELEASE
12:10:57.204 [main] [] [] INFO  c.s.d.f.FootballapiApplication - No active profile set, falling back to default profiles: default
12:10:57.819 [main] [] [] INFO  o.s.d.r.c.RepositoryConfigurationDelegate - Bootstrapping Spring Data repositories in DEFAULT mode.
12:10:57.876 [main] [] [] INFO  o.s.d.r.c.RepositoryConfigurationDelegate - Finished Spring Data repository scanning in 50ms. Found 1 repository interfaces.
12:10:58.129 [main] [] [] INFO  o.s.c.s.PostProcessorRegistrationDelegate$BeanPostProcessorChecker - Bean 'org.springframework.transaction.annotation.ProxyTransactionManagementConfiguration' of type [org.springframework.transaction.annotation.ProxyTransactionManagementConfiguration] is not eligible for getting processed by all BeanPostProcessors (for example: not eligible for auto-proxying)
12:10:58.347 [main] [] [] INFO  o.s.b.w.e.tomcat.TomcatWebServer - Tomcat initialized with port(s): 8080 (http)
12:10:58.355 [main] [] [] INFO  o.a.coyote.http11.Http11NioProtocol - Initializing ProtocolHandler ["http-nio-8080"]
12:10:58.356 [main] [] [] INFO  o.a.catalina.core.StandardService - Starting service [Tomcat]
12:10:58.356 [main] [] [] INFO  o.a.catalina.core.StandardEngine - Starting Servlet engine: [Apache Tomcat/9.0.27]
12:10:58.449 [main] [] [] INFO  o.a.c.c.C.[Tomcat].[localhost].[/] - Initializing Spring embedded WebApplicationContext
12:10:58.449 [main] [] [] INFO  o.s.web.context.ContextLoader - Root WebApplicationContext: initialization completed in 1180 ms
12:10:58.488 [main] [] [] INFO  com.zaxxer.hikari.HikariDataSource - HikariPool-1 - Starting...
12:10:58.599 [main] [] [] INFO  com.zaxxer.hikari.HikariDataSource - HikariPool-1 - Start completed.
12:10:58.605 [main] [] [] INFO  o.s.b.a.h.H2ConsoleAutoConfiguration - H2 console available at '/h2'. Database available at 'jdbc:h2:mem:test'
12:10:58.851 [main] [] [] INFO  o.h.jpa.internal.util.LogHelper - HHH000204: Processing PersistenceUnitInfo [name: default]
12:10:58.922 [main] [] [] INFO  org.hibernate.Version - HHH000412: Hibernate Core {5.4.6.Final}
12:10:59.059 [main] [] [] INFO  o.h.annotations.common.Version - HCANN000001: Hibernate Commons Annotations {5.1.0.Final}
12:10:59.173 [main] [] [] INFO  org.hibernate.dialect.Dialect - HHH000400: Using dialect: org.hibernate.dialect.H2Dialect
12:10:59.916 [main] [] [] INFO  o.h.e.t.j.p.i.JtaPlatformInitiator - HHH000490: Using JtaPlatform implementation: [org.hibernate.engine.transaction.jta.platform.internal.NoJtaPlatform]
12:10:59.923 [main] [] [] INFO  o.s.o.j.LocalContainerEntityManagerFactoryBean - Initialized JPA EntityManagerFactory for persistence unit 'default'
12:11:00.322 [main] [] [] WARN  o.s.b.a.o.j.JpaBaseConfiguration$JpaWebConfiguration - spring.jpa.open-in-view is enabled by default. Therefore, database queries may be performed during view rendering. Explicitly configure spring.jpa.open-in-view to disable this warning
12:11:00.425 [main] [] [] INFO  o.s.s.c.ThreadPoolTaskExecutor - Initializing ExecutorService 'applicationTaskExecutor'
12:11:00.609 [main] [] [] INFO  o.a.coyote.http11.Http11NioProtocol - Starting ProtocolHandler ["http-nio-8080"]
12:11:00.639 [main] [] [] INFO  o.s.b.w.e.tomcat.TomcatWebServer - Tomcat started on port(s): 8080 (http) with context path ''
12:11:00.642 [main] [] [] INFO  c.s.d.f.FootballapiApplication - Started FootballapiApplication in 3.883 seconds (JVM running for 4.738)
12:11:09.717 [http-nio-8080-exec-2] [] [] INFO  o.a.c.c.C.[Tomcat].[localhost].[/] - Initializing Spring DispatcherServlet 'dispatcherServlet'
12:11:09.723 [http-nio-8080-exec-2] [] [] INFO  o.s.web.servlet.DispatcherServlet - Initializing Servlet 'dispatcherServlet'
12:11:09.731 [http-nio-8080-exec-2] [] [] INFO  o.s.web.servlet.DispatcherServlet - Completed initialization in 7 ms
12:11:10.210 [http-nio-8080-exec-2] [] [] INFO  okhttp3.OkHttpClient - --> GET https://api.football-data.org/v2/competitions/CLzz/teams
12:11:12.175 [http-nio-8080-exec-2] [] [] INFO  okhttp3.OkHttpClient - <-- 400 https://api.football-data.org/v2/competitions/CLzz/teams (1965ms, unknown-length body)
12:11:12.182 [http-nio-8080-exec-2] [] [] ERROR c.s.d.f.e.h.ProcesorCustomGlobalExceptionHandler - ProcessorException(message=Not found, estado=404 NOT_FOUND, cause=null, traceid=null, application=football, version=v1, fecha=2019-10-21T12:11:12.180)
12:12:14.278 [SpringContextShutdownHook] [] [] INFO  o.s.s.c.ThreadPoolTaskExecutor - Shutting down ExecutorService 'applicationTaskExecutor'
12:12:14.279 [SpringContextShutdownHook] [] [] INFO  o.s.o.j.LocalContainerEntityManagerFactoryBean - Closing JPA EntityManagerFactory for persistence unit 'default'
12:12:14.279 [SpringContextShutdownHook] [] [] INFO  o.h.t.s.i.SchemaDropperImpl$DelayedDropActionImpl - HHH000477: Starting delayed evictData of schema as part of SessionFactory shut-down'
12:12:14.287 [SpringContextShutdownHook] [] [] INFO  com.zaxxer.hikari.HikariDataSource - HikariPool-1 - Shutdown initiated...
12:12:14.290 [SpringContextShutdownHook] [] [] INFO  com.zaxxer.hikari.HikariDataSource - HikariPool-1 - Shutdown completed.
12:13:31.203 [main] [] [] INFO  o.s.c.s.PostProcessorRegistrationDelegate$BeanPostProcessorChecker - Bean 'org.springframework.cloud.autoconfigure.ConfigurationPropertiesRebinderAutoConfiguration' of type [org.springframework.cloud.autoconfigure.ConfigurationPropertiesRebinderAutoConfiguration$$EnhancerBySpringCGLIB$$3405d00e] is not eligible for getting processed by all BeanPostProcessors (for example: not eligible for auto-proxying)
12:13:31.324 [main] [] [] INFO  c.s.d.f.FootballapiApplication - No active profile set, falling back to default profiles: default
12:13:31.779 [main] [] [] INFO  o.s.d.r.c.RepositoryConfigurationDelegate - Bootstrapping Spring Data repositories in DEFAULT mode.
12:13:31.823 [main] [] [] INFO  o.s.d.r.c.RepositoryConfigurationDelegate - Finished Spring Data repository scanning in 37ms. Found 1 repository interfaces.
12:13:31.978 [main] [] [] INFO  o.s.cloud.context.scope.GenericScope - BeanFactory id=47eeb962-2562-363c-a6cd-e30b4c957972
12:13:32.219 [main] [] [] INFO  o.s.c.s.PostProcessorRegistrationDelegate$BeanPostProcessorChecker - Bean 'org.springframework.transaction.annotation.ProxyTransactionManagementConfiguration' of type [org.springframework.transaction.annotation.ProxyTransactionManagementConfiguration] is not eligible for getting processed by all BeanPostProcessors (for example: not eligible for auto-proxying)
12:13:32.248 [main] [] [] INFO  o.s.c.s.PostProcessorRegistrationDelegate$BeanPostProcessorChecker - Bean 'org.springframework.cloud.autoconfigure.ConfigurationPropertiesRebinderAutoConfiguration' of type [org.springframework.cloud.autoconfigure.ConfigurationPropertiesRebinderAutoConfiguration$$EnhancerBySpringCGLIB$$3405d00e] is not eligible for getting processed by all BeanPostProcessors (for example: not eligible for auto-proxying)
12:13:32.455 [main] [] [] INFO  o.s.b.w.e.tomcat.TomcatWebServer - Tomcat initialized with port(s): 8080 (http)
12:13:32.461 [main] [] [] INFO  o.a.coyote.http11.Http11NioProtocol - Initializing ProtocolHandler ["http-nio-8080"]
12:13:32.462 [main] [] [] INFO  o.a.catalina.core.StandardService - Starting service [Tomcat]
12:13:32.462 [main] [] [] INFO  o.a.catalina.core.StandardEngine - Starting Servlet engine: [Apache Tomcat/9.0.27]
12:13:32.567 [main] [] [] INFO  o.a.c.c.C.[Tomcat].[localhost].[/] - Initializing Spring embedded WebApplicationContext
12:13:32.567 [main] [] [] INFO  o.s.web.context.ContextLoader - Root WebApplicationContext: initialization completed in 1227 ms
12:13:32.646 [main] [] [] INFO  com.zaxxer.hikari.HikariDataSource - HikariPool-1 - Starting...
12:13:32.808 [main] [] [] INFO  com.zaxxer.hikari.HikariDataSource - HikariPool-1 - Start completed.
12:13:32.813 [main] [] [] INFO  o.s.b.a.h.H2ConsoleAutoConfiguration - H2 console available at '/h2'. Database available at 'jdbc:h2:mem:test'
12:13:33.101 [main] [] [] INFO  o.h.jpa.internal.util.LogHelper - HHH000204: Processing PersistenceUnitInfo [name: default]
12:13:33.176 [main] [] [] INFO  org.hibernate.Version - HHH000412: Hibernate Core {5.4.6.Final}
12:13:33.324 [main] [] [] INFO  o.h.annotations.common.Version - HCANN000001: Hibernate Commons Annotations {5.1.0.Final}
12:13:33.427 [main] [] [] INFO  org.hibernate.dialect.Dialect - HHH000400: Using dialect: org.hibernate.dialect.H2Dialect
12:13:34.099 [main] [] [] INFO  o.h.e.t.j.p.i.JtaPlatformInitiator - HHH000490: Using JtaPlatform implementation: [org.hibernate.engine.transaction.jta.platform.internal.NoJtaPlatform]
12:13:34.105 [main] [] [] INFO  o.s.o.j.LocalContainerEntityManagerFactoryBean - Initialized JPA EntityManagerFactory for persistence unit 'default'
12:13:34.608 [main] [] [] WARN  o.s.b.a.o.j.JpaBaseConfiguration$JpaWebConfiguration - spring.jpa.open-in-view is enabled by default. Therefore, database queries may be performed during view rendering. Explicitly configure spring.jpa.open-in-view to disable this warning
12:13:34.788 [main] [] [] INFO  o.s.s.c.ThreadPoolTaskExecutor - Initializing ExecutorService 'applicationTaskExecutor'
12:13:35.364 [main] [] [] INFO  o.a.coyote.http11.Http11NioProtocol - Starting ProtocolHandler ["http-nio-8080"]
12:13:35.397 [main] [] [] INFO  o.s.b.w.e.tomcat.TomcatWebServer - Tomcat started on port(s): 8080 (http) with context path ''
12:13:35.401 [main] [] [] INFO  c.s.d.f.FootballapiApplication - Started FootballapiApplication in 4.809 seconds (JVM running for 5.372)
12:13:45.006 [http-nio-8080-exec-1] [] [] INFO  o.a.c.c.C.[Tomcat].[localhost].[/] - Initializing Spring DispatcherServlet 'dispatcherServlet'
12:13:45.006 [http-nio-8080-exec-1] [] [] INFO  o.s.web.servlet.DispatcherServlet - Initializing Servlet 'dispatcherServlet'
12:13:45.016 [http-nio-8080-exec-1] [] [] INFO  o.s.web.servlet.DispatcherServlet - Completed initialization in 10 ms
12:13:45.238 [http-nio-8080-exec-1] [8656d3b913185bfb] [8656d3b913185bfb] INFO  okhttp3.OkHttpClient - --> GET https://api.football-data.org/v2/competitions/CLzz/teams
12:13:47.311 [http-nio-8080-exec-1] [8656d3b913185bfb] [8656d3b913185bfb] INFO  okhttp3.OkHttpClient - <-- 400 https://api.football-data.org/v2/competitions/CLzz/teams (2072ms, unknown-length body)
12:13:47.319 [http-nio-8080-exec-1] [8656d3b913185bfb] [8656d3b913185bfb] ERROR c.s.d.f.e.h.ProcesorCustomGlobalExceptionHandler - ProcessorException(message=Not found, estado=404 NOT_FOUND, cause=null, traceid=8656d3b913185bfb, application=football, version=v1, fecha=2019-10-21T12:13:47.317)
12:14:15.657 [http-nio-8080-exec-3] [b5fb4e22234af364] [b5fb4e22234af364] INFO  okhttp3.OkHttpClient - --> GET https://api.football-data.org/v2/competitions/CL/teams
12:14:15.657 [http-nio-8080-exec-3] [b5fb4e22234af364] [b5fb4e22234af364] INFO  okhttp3.OkHttpClient - --> GET https://api.football-data.org/v2/competitions/CL/teams
12:14:17.430 [http-nio-8080-exec-3] [b5fb4e22234af364] [b5fb4e22234af364] INFO  okhttp3.OkHttpClient - <-- 200 https://api.football-data.org/v2/competitions/CL/teams (1772ms, unknown-length body)
12:14:17.430 [http-nio-8080-exec-3] [b5fb4e22234af364] [b5fb4e22234af364] INFO  okhttp3.OkHttpClient - <-- 200 https://api.football-data.org/v2/competitions/CL/teams (1773ms, unknown-length body)
12:14:17.466 [http-nio-8080-exec-3] [b5fb4e22234af364] [b5fb4e22234af364] INFO  okhttp3.OkHttpClient - --> GET https://api.football-data.org/v2/teams/3
12:14:17.466 [http-nio-8080-exec-3] [b5fb4e22234af364] [b5fb4e22234af364] INFO  okhttp3.OkHttpClient - --> GET https://api.football-data.org/v2/teams/3
12:14:17.466 [http-nio-8080-exec-3] [b5fb4e22234af364] [b5fb4e22234af364] INFO  okhttp3.OkHttpClient - --> GET https://api.football-data.org/v2/teams/3
12:14:19.207 [http-nio-8080-exec-3] [b5fb4e22234af364] [b5fb4e22234af364] INFO  okhttp3.OkHttpClient - <-- 200 https://api.football-data.org/v2/teams/3 (1740ms, unknown-length body)
12:14:19.207 [http-nio-8080-exec-3] [b5fb4e22234af364] [b5fb4e22234af364] INFO  okhttp3.OkHttpClient - <-- 200 https://api.football-data.org/v2/teams/3 (1741ms, unknown-length body)
12:14:19.207 [http-nio-8080-exec-3] [b5fb4e22234af364] [b5fb4e22234af364] INFO  okhttp3.OkHttpClient - <-- 200 https://api.football-data.org/v2/teams/3 (1741ms, unknown-length body)
12:14:19.211 [http-nio-8080-exec-3] [b5fb4e22234af364] [b5fb4e22234af364] INFO  okhttp3.OkHttpClient - --> GET https://api.football-data.org/v2/teams/4
12:14:19.211 [http-nio-8080-exec-3] [b5fb4e22234af364] [b5fb4e22234af364] INFO  okhttp3.OkHttpClient - --> GET https://api.football-data.org/v2/teams/4
12:14:19.211 [http-nio-8080-exec-3] [b5fb4e22234af364] [b5fb4e22234af364] INFO  okhttp3.OkHttpClient - --> GET https://api.football-data.org/v2/teams/4
12:14:19.212 [http-nio-8080-exec-3] [b5fb4e22234af364] [b5fb4e22234af364] INFO  okhttp3.OkHttpClient - --> GET https://api.football-data.org/v2/teams/4
12:14:20.791 [http-nio-8080-exec-3] [b5fb4e22234af364] [b5fb4e22234af364] INFO  okhttp3.OkHttpClient - <-- 200 https://api.football-data.org/v2/teams/4 (1579ms, unknown-length body)
12:14:20.792 [http-nio-8080-exec-3] [b5fb4e22234af364] [b5fb4e22234af364] INFO  okhttp3.OkHttpClient - <-- 200 https://api.football-data.org/v2/teams/4 (1580ms, unknown-length body)
12:14:20.792 [http-nio-8080-exec-3] [b5fb4e22234af364] [b5fb4e22234af364] INFO  okhttp3.OkHttpClient - <-- 200 https://api.football-data.org/v2/teams/4 (1580ms, unknown-length body)
12:14:20.792 [http-nio-8080-exec-3] [b5fb4e22234af364] [b5fb4e22234af364] INFO  okhttp3.OkHttpClient - <-- 200 https://api.football-data.org/v2/teams/4 (1580ms, unknown-length body)
12:14:20.795 [http-nio-8080-exec-3] [b5fb4e22234af364] [b5fb4e22234af364] INFO  okhttp3.OkHttpClient - --> GET https://api.football-data.org/v2/teams/5
12:14:20.795 [http-nio-8080-exec-3] [b5fb4e22234af364] [b5fb4e22234af364] INFO  okhttp3.OkHttpClient - --> GET https://api.football-data.org/v2/teams/5
12:14:20.795 [http-nio-8080-exec-3] [b5fb4e22234af364] [b5fb4e22234af364] INFO  okhttp3.OkHttpClient - --> GET https://api.football-data.org/v2/teams/5
12:14:20.795 [http-nio-8080-exec-3] [b5fb4e22234af364] [b5fb4e22234af364] INFO  okhttp3.OkHttpClient - --> GET https://api.football-data.org/v2/teams/5
12:14:20.795 [http-nio-8080-exec-3] [b5fb4e22234af364] [b5fb4e22234af364] INFO  okhttp3.OkHttpClient - --> GET https://api.football-data.org/v2/teams/5
12:14:22.328 [http-nio-8080-exec-3] [b5fb4e22234af364] [b5fb4e22234af364] INFO  okhttp3.OkHttpClient - <-- 200 https://api.football-data.org/v2/teams/5 (1533ms, unknown-length body)
12:14:22.328 [http-nio-8080-exec-3] [b5fb4e22234af364] [b5fb4e22234af364] INFO  okhttp3.OkHttpClient - <-- 200 https://api.football-data.org/v2/teams/5 (1533ms, unknown-length body)
12:14:22.329 [http-nio-8080-exec-3] [b5fb4e22234af364] [b5fb4e22234af364] INFO  okhttp3.OkHttpClient - <-- 200 https://api.football-data.org/v2/teams/5 (1533ms, unknown-length body)
12:14:22.329 [http-nio-8080-exec-3] [b5fb4e22234af364] [b5fb4e22234af364] INFO  okhttp3.OkHttpClient - <-- 200 https://api.football-data.org/v2/teams/5 (1533ms, unknown-length body)
12:14:22.329 [http-nio-8080-exec-3] [b5fb4e22234af364] [b5fb4e22234af364] INFO  okhttp3.OkHttpClient - <-- 200 https://api.football-data.org/v2/teams/5 (1534ms, unknown-length body)
12:14:22.331 [http-nio-8080-exec-3] [b5fb4e22234af364] [b5fb4e22234af364] INFO  okhttp3.OkHttpClient - --> GET https://api.football-data.org/v2/teams/61
12:14:22.331 [http-nio-8080-exec-3] [b5fb4e22234af364] [b5fb4e22234af364] INFO  okhttp3.OkHttpClient - --> GET https://api.football-data.org/v2/teams/61
12:14:22.331 [http-nio-8080-exec-3] [b5fb4e22234af364] [b5fb4e22234af364] INFO  okhttp3.OkHttpClient - --> GET https://api.football-data.org/v2/teams/61
12:14:22.331 [http-nio-8080-exec-3] [b5fb4e22234af364] [b5fb4e22234af364] INFO  okhttp3.OkHttpClient - --> GET https://api.football-data.org/v2/teams/61
12:14:22.331 [http-nio-8080-exec-3] [b5fb4e22234af364] [b5fb4e22234af364] INFO  okhttp3.OkHttpClient - --> GET https://api.football-data.org/v2/teams/61
12:14:22.331 [http-nio-8080-exec-3] [b5fb4e22234af364] [b5fb4e22234af364] INFO  okhttp3.OkHttpClient - --> GET https://api.football-data.org/v2/teams/61
12:14:23.864 [http-nio-8080-exec-3] [b5fb4e22234af364] [b5fb4e22234af364] INFO  okhttp3.OkHttpClient - <-- 200 https://api.football-data.org/v2/teams/61 (1532ms, unknown-length body)
12:14:23.864 [http-nio-8080-exec-3] [b5fb4e22234af364] [b5fb4e22234af364] INFO  okhttp3.OkHttpClient - <-- 200 https://api.football-data.org/v2/teams/61 (1532ms, unknown-length body)
12:14:23.864 [http-nio-8080-exec-3] [b5fb4e22234af364] [b5fb4e22234af364] INFO  okhttp3.OkHttpClient - <-- 200 https://api.football-data.org/v2/teams/61 (1533ms, unknown-length body)
12:14:23.864 [http-nio-8080-exec-3] [b5fb4e22234af364] [b5fb4e22234af364] INFO  okhttp3.OkHttpClient - <-- 200 https://api.football-data.org/v2/teams/61 (1533ms, unknown-length body)
12:14:23.864 [http-nio-8080-exec-3] [b5fb4e22234af364] [b5fb4e22234af364] INFO  okhttp3.OkHttpClient - <-- 200 https://api.football-data.org/v2/teams/61 (1533ms, unknown-length body)
12:14:23.864 [http-nio-8080-exec-3] [b5fb4e22234af364] [b5fb4e22234af364] INFO  okhttp3.OkHttpClient - <-- 200 https://api.football-data.org/v2/teams/61 (1533ms, unknown-length body)
12:14:37.509 [http-nio-8080-exec-4] [db683b918f351fc3] [db683b918f351fc3] INFO  okhttp3.OkHttpClient - --> GET https://api.football-data.org/v2/competitions/CL/teams
12:14:37.510 [http-nio-8080-exec-4] [db683b918f351fc3] [db683b918f351fc3] INFO  okhttp3.OkHttpClient - --> GET https://api.football-data.org/v2/competitions/CL/teams
12:14:37.510 [http-nio-8080-exec-4] [db683b918f351fc3] [db683b918f351fc3] INFO  okhttp3.OkHttpClient - --> GET https://api.football-data.org/v2/competitions/CL/teams
12:14:37.510 [http-nio-8080-exec-4] [db683b918f351fc3] [db683b918f351fc3] INFO  okhttp3.OkHttpClient - --> GET https://api.football-data.org/v2/competitions/CL/teams
12:14:37.510 [http-nio-8080-exec-4] [db683b918f351fc3] [db683b918f351fc3] INFO  okhttp3.OkHttpClient - --> GET https://api.football-data.org/v2/competitions/CL/teams
12:14:37.510 [http-nio-8080-exec-4] [db683b918f351fc3] [db683b918f351fc3] INFO  okhttp3.OkHttpClient - --> GET https://api.football-data.org/v2/competitions/CL/teams
12:14:37.510 [http-nio-8080-exec-4] [db683b918f351fc3] [db683b918f351fc3] INFO  okhttp3.OkHttpClient - --> GET https://api.football-data.org/v2/competitions/CL/teams
12:14:40.455 [http-nio-8080-exec-4] [db683b918f351fc3] [db683b918f351fc3] INFO  okhttp3.OkHttpClient - <-- 200 https://api.football-data.org/v2/competitions/CL/teams (2944ms, unknown-length body)
12:14:40.455 [http-nio-8080-exec-4] [db683b918f351fc3] [db683b918f351fc3] INFO  okhttp3.OkHttpClient - <-- 200 https://api.football-data.org/v2/competitions/CL/teams (2944ms, unknown-length body)
12:14:40.455 [http-nio-8080-exec-4] [db683b918f351fc3] [db683b918f351fc3] INFO  okhttp3.OkHttpClient - <-- 200 https://api.football-data.org/v2/competitions/CL/teams (2944ms, unknown-length body)
12:14:40.455 [http-nio-8080-exec-4] [db683b918f351fc3] [db683b918f351fc3] INFO  okhttp3.OkHttpClient - <-- 200 https://api.football-data.org/v2/competitions/CL/teams (2945ms, unknown-length body)
12:14:40.455 [http-nio-8080-exec-4] [db683b918f351fc3] [db683b918f351fc3] INFO  okhttp3.OkHttpClient - <-- 200 https://api.football-data.org/v2/competitions/CL/teams (2945ms, unknown-length body)
12:14:40.455 [http-nio-8080-exec-4] [db683b918f351fc3] [db683b918f351fc3] INFO  okhttp3.OkHttpClient - <-- 200 https://api.football-data.org/v2/competitions/CL/teams (2945ms, unknown-length body)
12:14:40.455 [http-nio-8080-exec-4] [db683b918f351fc3] [db683b918f351fc3] INFO  okhttp3.OkHttpClient - <-- 200 https://api.football-data.org/v2/competitions/CL/teams (2945ms, unknown-length body)
12:14:40.459 [http-nio-8080-exec-4] [db683b918f351fc3] [db683b918f351fc3] ERROR c.s.d.f.e.h.ProcesorCustomGlobalExceptionHandler - ProcessorException(message=League already imported, estado=409 CONFLICT, cause=null, traceid=db683b918f351fc3, application=football, version=v1, fecha=2019-10-21T12:14:40.459)
12:14:59.194 [SpringContextShutdownHook] [] [] INFO  o.s.s.c.ThreadPoolTaskExecutor - Shutting down ExecutorService 'applicationTaskExecutor'
12:14:59.195 [SpringContextShutdownHook] [] [] INFO  o.s.o.j.LocalContainerEntityManagerFactoryBean - Closing JPA EntityManagerFactory for persistence unit 'default'
12:14:59.195 [SpringContextShutdownHook] [] [] INFO  o.h.t.s.i.SchemaDropperImpl$DelayedDropActionImpl - HHH000477: Starting delayed evictData of schema as part of SessionFactory shut-down'
12:14:59.200 [SpringContextShutdownHook] [] [] INFO  com.zaxxer.hikari.HikariDataSource - HikariPool-1 - Shutdown initiated...
12:14:59.203 [SpringContextShutdownHook] [] [] INFO  com.zaxxer.hikari.HikariDataSource - HikariPool-1 - Shutdown completed.
